2022-03-31 07:00:32,781|azureml|DEBUG|Inputs:: kwargs: {'OutputCollection': True, 'EnableMLflowTracking': True, 'snapshotProject': True, 'only_in_process_features': True, 'skip_track_logs_dir': True}, track_folders: None, deny_list: None, directories_to_watch: []
2022-03-31 07:00:32,782|azureml.history._tracking.PythonWorkingDirectory|DEBUG|Execution target type: batchai
2022-03-31 07:00:32,782|azureml.history._tracking.PythonWorkingDirectory|DEBUG|Failed to import pyspark with error: No module named 'pyspark'
2022-03-31 07:00:32,782|azureml.history._tracking.PythonWorkingDirectory.workingdir|DEBUG|Pinning working directory for filesystems: ['pyfs']
2022-03-31 07:00:33,278|azureml.core.run|DEBUG|Adding new factory <function ScriptRun._from_run_dto at 0x7f6153003158> for run source azureml.scriptrun
2022-03-31 07:00:33,279|azureml.core.run|DEBUG|Identity in use is not set. Falling back to using AMLToken
2022-03-31 07:00:33,279|azureml.core.run|DEBUG|Using AMLToken auth for remote run
2022-03-31 07:00:33,283|azureml.core.authentication.TokenRefresherDaemon|DEBUG|Starting daemon and triggering first instance
2022-03-31 07:00:33,291|azureml._restclient.clientbase|INFO|Created a worker pool for first use
2022-03-31 07:00:33,291|azureml.core.authentication|DEBUG|Time to expire 1814295.708539 seconds
2022-03-31 07:00:33,291|azureml._restclient.service_context|DEBUG|Created a static thread pool for ServiceContext class
2022-03-31 07:00:33,291|azureml._restclient.clientbase|DEBUG|ClientBase: Calling get with url None
2022-03-31 07:00:33,305|azureml._base_sdk_common.service_discovery|DEBUG|Found history service url in environment variable AZUREML_SERVICE_ENDPOINT, history service url: http://host.docker.internal:30000.
2022-03-31 07:00:33,306|azureml._base_sdk_common.service_discovery|DEBUG|Found history service url in environment variable AZUREML_SERVICE_ENDPOINT, history service url: http://host.docker.internal:30000.
2022-03-31 07:00:33,306|azureml._base_sdk_common.service_discovery|DEBUG|Found history service url in environment variable AZUREML_SERVICE_ENDPOINT, history service url: http://host.docker.internal:30000.
2022-03-31 07:00:33,306|azureml._base_sdk_common.service_discovery|DEBUG|Found history service url in environment variable AZUREML_SERVICE_ENDPOINT, history service url: http://host.docker.internal:30000.
2022-03-31 07:00:33,306|azureml._base_sdk_common.service_discovery|DEBUG|Found history service url in environment variable AZUREML_SERVICE_ENDPOINT, history service url: http://host.docker.internal:30000.
2022-03-31 07:00:33,306|azureml._base_sdk_common.service_discovery|DEBUG|Found history service url in environment variable AZUREML_SERVICE_ENDPOINT, history service url: http://host.docker.internal:30000.
2022-03-31 07:00:33,306|azureml._base_sdk_common.service_discovery|DEBUG|Found history service url in environment variable AZUREML_SERVICE_ENDPOINT, history service url: http://host.docker.internal:30000.
2022-03-31 07:00:33,429|azureml._SubmittedRun#mnist-demo-on-AMLOneBox_1648709918_8ecbfd01.RunHistoryFacade.RunClient.get_by_exp_id-async:False|DEBUG|[START]
2022-03-31 07:00:33,429|azureml._SubmittedRun#mnist-demo-on-AMLOneBox_1648709918_8ecbfd01.RunHistoryFacade.RunClient|DEBUG|ClientBase: Calling get_by_exp_id with url /history/v1.0/subscriptions/{subscriptionId}/resourceGroups/{resourceGroupName}/providers/Microsoft.MachineLearningServices/workspaces/{workspaceName}/experimentids/{experimentId}/runs/{runId}
2022-03-31 07:00:34,144|azureml._SubmittedRun#mnist-demo-on-AMLOneBox_1648709918_8ecbfd01.RunHistoryFacade.RunClient.get_by_exp_id-async:False|DEBUG|[STOP]
2022-03-31 07:00:34,145|azureml._SubmittedRun#mnist-demo-on-AMLOneBox_1648709918_8ecbfd01|DEBUG|Constructing run from dto. type: azureml.scriptrun, source: None, props: {'_azureml.ComputeTargetType': 'kubernetes', 'ContentSnapshotId': '089fab6b-35c3-4bce-952f-3cbce4a3430a', 'azureml.git.repository_uri': 'https://github.com/Azure/AML-Kubernetes.git', 'mlflow.source.git.repoURL': 'https://github.com/Azure/AML-Kubernetes.git', 'azureml.git.branch': 'master', 'mlflow.source.git.branch': 'master', 'azureml.git.commit': '8210189878e55a77933ea8d4a39e862233e04474', 'mlflow.source.git.commit': '8210189878e55a77933ea8d4a39e862233e04474', 'azureml.git.dirty': 'True', 'ProcessInfoFile': 'azureml-logs/process_info.json', 'ProcessStatusFile': 'azureml-logs/process_status.json', 'JobType': 'RegularJob', 'GpuCount': '0', 'Cluster': 'jiadu-ashk8s'}
2022-03-31 07:00:34,145|azureml._SubmittedRun#mnist-demo-on-AMLOneBox_1648709918_8ecbfd01.RunContextManager|DEBUG|Valid logs dir, setting up content loader
2022-03-31 07:00:34,145|azureml|WARNING|Could not import azureml.mlflow or azureml.contrib.mlflow mlflow APIs will not run against AzureML services.  Add azureml-mlflow as a conda dependency for the run if this behavior is desired
2022-03-31 07:00:34,145|azureml.WorkerPool|DEBUG|[START]
2022-03-31 07:00:34,146|azureml.SendRunKillSignal|DEBUG|[START]
2022-03-31 07:00:34,146|azureml.RunStatusContext|DEBUG|[START]
2022-03-31 07:00:34,146|azureml._SubmittedRun#mnist-demo-on-AMLOneBox_1648709918_8ecbfd01.RunContextManager.RunStatusContext|DEBUG|[START]
2022-03-31 07:00:34,146|azureml.MetricsClient|DEBUG|[START]
2022-03-31 07:00:34,146|azureml._SubmittedRun#mnist-demo-on-AMLOneBox_1648709918_8ecbfd01.RunHistoryFacade.MetricsClient|DEBUG|[START]
2022-03-31 07:00:34,146|azureml.WorkingDirectoryCM|DEBUG|[START]
2022-03-31 07:00:34,146|azureml.history._tracking.PythonWorkingDirectory.workingdir|DEBUG|[START]
2022-03-31 07:00:34,146|azureml.history._tracking.PythonWorkingDirectory|INFO|Current working dir: /workspaceblobstore/azureml/mnist-demo-on-AMLOneBox_1648709918_8ecbfd01
2022-03-31 07:00:34,146|azureml.history._tracking.PythonWorkingDirectory.workingdir|DEBUG|Calling pyfs
2022-03-31 07:00:34,146|azureml.history._tracking.PythonWorkingDirectory.workingdir|DEBUG|Storing working dir for pyfs as /workspaceblobstore/azureml/mnist-demo-on-AMLOneBox_1648709918_8ecbfd01
2022-03-31 07:00:34,999|azureml.core.run|DEBUG|Identity in use is not set. Falling back to using AMLToken
2022-03-31 07:00:34,999|azureml.core.run|DEBUG|Using AMLToken auth for remote run
2022-03-31 07:00:34,999|azureml._restclient.service_context|DEBUG|Access an existing static threadpool for ServiceContext class
2022-03-31 07:00:34,999|azureml._base_sdk_common.service_discovery|DEBUG|Found history service url in environment variable AZUREML_SERVICE_ENDPOINT, history service url: http://host.docker.internal:30000.
2022-03-31 07:00:35,000|azureml._base_sdk_common.service_discovery|DEBUG|Found history service url in environment variable AZUREML_SERVICE_ENDPOINT, history service url: http://host.docker.internal:30000.
2022-03-31 07:00:35,000|azureml._base_sdk_common.service_discovery|DEBUG|Found history service url in environment variable AZUREML_SERVICE_ENDPOINT, history service url: http://host.docker.internal:30000.
2022-03-31 07:00:35,000|azureml._base_sdk_common.service_discovery|DEBUG|Found history service url in environment variable AZUREML_SERVICE_ENDPOINT, history service url: http://host.docker.internal:30000.
2022-03-31 07:00:35,000|azureml._base_sdk_common.service_discovery|DEBUG|Found history service url in environment variable AZUREML_SERVICE_ENDPOINT, history service url: http://host.docker.internal:30000.
2022-03-31 07:00:35,000|azureml._base_sdk_common.service_discovery|DEBUG|Found history service url in environment variable AZUREML_SERVICE_ENDPOINT, history service url: http://host.docker.internal:30000.
2022-03-31 07:00:35,000|azureml._base_sdk_common.service_discovery|DEBUG|Found history service url in environment variable AZUREML_SERVICE_ENDPOINT, history service url: http://host.docker.internal:30000.
2022-03-31 07:00:35,033|azureml._SubmittedRun#mnist-demo-on-AMLOneBox_1648709918_8ecbfd01.RunHistoryFacade.RunClient.get_by_exp_id-async:False|DEBUG|[START]
2022-03-31 07:00:35,033|azureml._SubmittedRun#mnist-demo-on-AMLOneBox_1648709918_8ecbfd01.RunHistoryFacade.RunClient|DEBUG|ClientBase: Calling get_by_exp_id with url /history/v1.0/subscriptions/{subscriptionId}/resourceGroups/{resourceGroupName}/providers/Microsoft.MachineLearningServices/workspaces/{workspaceName}/experimentids/{experimentId}/runs/{runId}
2022-03-31 07:00:35,747|azureml._SubmittedRun#mnist-demo-on-AMLOneBox_1648709918_8ecbfd01.RunHistoryFacade.RunClient.get_by_exp_id-async:False|DEBUG|[STOP]
2022-03-31 07:00:35,748|azureml._SubmittedRun#mnist-demo-on-AMLOneBox_1648709918_8ecbfd01|DEBUG|Constructing run from dto. type: azureml.scriptrun, source: None, props: {'_azureml.ComputeTargetType': 'kubernetes', 'ContentSnapshotId': '089fab6b-35c3-4bce-952f-3cbce4a3430a', 'azureml.git.repository_uri': 'https://github.com/Azure/AML-Kubernetes.git', 'mlflow.source.git.repoURL': 'https://github.com/Azure/AML-Kubernetes.git', 'azureml.git.branch': 'master', 'mlflow.source.git.branch': 'master', 'azureml.git.commit': '8210189878e55a77933ea8d4a39e862233e04474', 'mlflow.source.git.commit': '8210189878e55a77933ea8d4a39e862233e04474', 'azureml.git.dirty': 'True', 'ProcessInfoFile': 'azureml-logs/process_info.json', 'ProcessStatusFile': 'azureml-logs/process_status.json', 'JobType': 'RegularJob', 'GpuCount': '0', 'Cluster': 'jiadu-ashk8s'}
2022-03-31 07:00:35,748|azureml._SubmittedRun#mnist-demo-on-AMLOneBox_1648709918_8ecbfd01.RunContextManager|DEBUG|Valid logs dir, setting up content loader
2022-03-31 07:01:03,284|azureml.core.authentication|DEBUG|Time to expire 1814265.715286 seconds
2022-03-31 07:01:33,285|azureml.core.authentication|DEBUG|Time to expire 1814235.714895 seconds
2022-03-31 07:02:03,285|azureml.core.authentication|DEBUG|Time to expire 1814205.714565 seconds
2022-03-31 07:02:33,285|azureml.core.authentication|DEBUG|Time to expire 1814175.714213 seconds
2022-03-31 07:02:55,911|azureml._SubmittedRun#mnist-demo-on-AMLOneBox_1648709918_8ecbfd01.RunHistoryFacade.MetricsClient|DEBUG|Overrides: Max batch size: 50, batch cushion: 5, Interval: 1.
2022-03-31 07:02:55,911|azureml._SubmittedRun#mnist-demo-on-AMLOneBox_1648709918_8ecbfd01.RunHistoryFacade.MetricsClient.PostMetricsBatchV2.PostMetricsBatchV2Daemon|DEBUG|Starting daemon and triggering first instance
2022-03-31 07:02:55,911|azureml._SubmittedRun#mnist-demo-on-AMLOneBox_1648709918_8ecbfd01.RunHistoryFacade.MetricsClient|DEBUG|Used <class 'azureml._common.async_utils.batch_task_queue.BatchTaskQueue'> for use_batch=True.
2022-03-31 07:02:55,918|azureml.history._tracking.PythonWorkingDirectory.workingdir|DEBUG|Calling pyfs
2022-03-31 07:02:55,918|azureml.history._tracking.PythonWorkingDirectory|INFO|Current working dir: /workspaceblobstore/azureml/mnist-demo-on-AMLOneBox_1648709918_8ecbfd01
2022-03-31 07:02:55,918|azureml.history._tracking.PythonWorkingDirectory.workingdir|DEBUG|Reverting working dir from /workspaceblobstore/azureml/mnist-demo-on-AMLOneBox_1648709918_8ecbfd01 to /workspaceblobstore/azureml/mnist-demo-on-AMLOneBox_1648709918_8ecbfd01
2022-03-31 07:02:55,918|azureml.history._tracking.PythonWorkingDirectory|INFO|Working dir is already updated /workspaceblobstore/azureml/mnist-demo-on-AMLOneBox_1648709918_8ecbfd01
2022-03-31 07:02:55,918|azureml.history._tracking.PythonWorkingDirectory.workingdir|DEBUG|[STOP]
2022-03-31 07:02:55,918|azureml.WorkingDirectoryCM|DEBUG|[STOP]
2022-03-31 07:02:55,918|azureml._SubmittedRun#mnist-demo-on-AMLOneBox_1648709918_8ecbfd01.RunHistoryFacade.MetricsClient.FlushingMetricsClient|DEBUG|[START]
2022-03-31 07:02:55,918|azureml._SubmittedRun#mnist-demo-on-AMLOneBox_1648709918_8ecbfd01.RunHistoryFacade.MetricsClient|DEBUG|Overrides: Max batch size: 50, batch cushion: 5, Interval: 1.
2022-03-31 07:02:55,918|azureml._SubmittedRun#mnist-demo-on-AMLOneBox_1648709918_8ecbfd01.RunHistoryFacade.MetricsClient.PostMetricsBatch.PostMetricsBatchDaemon|DEBUG|Starting daemon and triggering first instance
2022-03-31 07:02:55,919|azureml._SubmittedRun#mnist-demo-on-AMLOneBox_1648709918_8ecbfd01.RunHistoryFacade.MetricsClient|DEBUG|Used <class 'azureml._common.async_utils.batch_task_queue.BatchTaskQueue'> for use_batch=True.
2022-03-31 07:02:55,919|azureml._SubmittedRun#mnist-demo-on-AMLOneBox_1648709918_8ecbfd01.RunHistoryFacade.MetricsClient.PostMetricsBatch.WaitFlushSource:MetricsClient|DEBUG|[START]
2022-03-31 07:02:55,919|azureml._SubmittedRun#mnist-demo-on-AMLOneBox_1648709918_8ecbfd01.RunHistoryFacade.MetricsClient.PostMetricsBatch.WaitFlushSource:MetricsClient|DEBUG|flush timeout 120 is different from task queue timeout 120, using flush timeout
2022-03-31 07:02:55,919|azureml._SubmittedRun#mnist-demo-on-AMLOneBox_1648709918_8ecbfd01.RunHistoryFacade.MetricsClient.PostMetricsBatch.WaitFlushSource:MetricsClient|DEBUG|Waiting 120 seconds on tasks: [].
2022-03-31 07:02:55,919|azureml._SubmittedRun#mnist-demo-on-AMLOneBox_1648709918_8ecbfd01.RunHistoryFacade.MetricsClient.PostMetricsBatch|DEBUG|
2022-03-31 07:02:55,919|azureml._SubmittedRun#mnist-demo-on-AMLOneBox_1648709918_8ecbfd01.RunHistoryFacade.MetricsClient.PostMetricsBatch.WaitFlushSource:MetricsClient|DEBUG|[STOP]
2022-03-31 07:02:55,919|azureml._SubmittedRun#mnist-demo-on-AMLOneBox_1648709918_8ecbfd01.RunHistoryFacade.MetricsClient|DEBUG|Overrides: Max batch size: 50, batch cushion: 5, Interval: 1.
2022-03-31 07:02:55,919|azureml._SubmittedRun#mnist-demo-on-AMLOneBox_1648709918_8ecbfd01.RunHistoryFacade.MetricsClient.PostMetricsBatchV2.PostMetricsBatchV2Daemon|DEBUG|Starting daemon and triggering first instance
2022-03-31 07:02:55,963|azureml._SubmittedRun#mnist-demo-on-AMLOneBox_1648709918_8ecbfd01.RunHistoryFacade.MetricsClient|DEBUG|Used <class 'azureml._common.async_utils.batch_task_queue.BatchTaskQueue'> for use_batch=True.
2022-03-31 07:02:55,963|azureml._SubmittedRun#mnist-demo-on-AMLOneBox_1648709918_8ecbfd01.RunHistoryFacade.MetricsClient.PostMetricsBatchV2.WaitFlushSource:MetricsClient|DEBUG|[START]
2022-03-31 07:02:55,963|azureml._SubmittedRun#mnist-demo-on-AMLOneBox_1648709918_8ecbfd01.RunHistoryFacade.MetricsClient.PostMetricsBatchV2.WaitFlushSource:MetricsClient|DEBUG|flush timeout 120 is different from task queue timeout 120, using flush timeout
2022-03-31 07:02:55,963|azureml._SubmittedRun#mnist-demo-on-AMLOneBox_1648709918_8ecbfd01.RunHistoryFacade.MetricsClient.PostMetricsBatchV2.WaitFlushSource:MetricsClient|DEBUG|Waiting 120 seconds on tasks: [].
2022-03-31 07:02:55,963|azureml._SubmittedRun#mnist-demo-on-AMLOneBox_1648709918_8ecbfd01.RunHistoryFacade.MetricsClient.PostMetricsBatchV2|DEBUG|
2022-03-31 07:02:55,963|azureml._SubmittedRun#mnist-demo-on-AMLOneBox_1648709918_8ecbfd01.RunHistoryFacade.MetricsClient.PostMetricsBatchV2.WaitFlushSource:MetricsClient|DEBUG|[STOP]
2022-03-31 07:02:55,963|azureml._SubmittedRun#mnist-demo-on-AMLOneBox_1648709918_8ecbfd01.RunHistoryFacade.MetricsClient.FlushingMetricsClient|DEBUG|[STOP]
2022-03-31 07:02:55,964|azureml._SubmittedRun#mnist-demo-on-AMLOneBox_1648709918_8ecbfd01.RunHistoryFacade.MetricsClient.wait_on_ingest-async:False|DEBUG|[START]
2022-03-31 07:02:55,964|azureml._SubmittedRun#mnist-demo-on-AMLOneBox_1648709918_8ecbfd01.RunHistoryFacade.MetricsClient|DEBUG|ClientBase: Calling wait_on_ingest with url /history/v1.0/subscriptions/{subscriptionId}/resourceGroups/{resourceGroupName}/providers/Microsoft.MachineLearningServices/workspaces/{workspaceName}/experiments/{experimentName}/runs/{runId}/metricsingest/wait
2022-03-31 07:02:56,912|azureml.BatchTaskQueueAdd_1_Batches|DEBUG|[Start]
2022-03-31 07:02:56,912|azureml.BatchTaskQueueAdd_1_Batches.WorkerPool|DEBUG|submitting future: _handle_batch
2022-03-31 07:02:56,912|azureml._SubmittedRun#mnist-demo-on-AMLOneBox_1648709918_8ecbfd01.RunHistoryFacade.MetricsClient.PostMetricsBatchV2|DEBUG|Batch size 2.
2022-03-31 07:02:56,913|azureml.BatchTaskQueueAdd_1_Batches.0__handle_batch|DEBUG|Using basic handler - no exception handling
2022-03-31 07:02:56,913|azureml._restclient.service_context.WorkerPool|DEBUG|submitting future: _log_batch_v2
2022-03-31 07:02:56,913|azureml.BatchTaskQueueAdd_1_Batches|DEBUG|Adding task 0__handle_batch to queue of approximate size: 0
2022-03-31 07:02:56,913|azureml._SubmittedRun#mnist-demo-on-AMLOneBox_1648709918_8ecbfd01.RunHistoryFacade.MetricsClient|DEBUG|Metrics Client: _log_batch_v2 is calling post_run_metrics posting 2 values.
2022-03-31 07:02:56,913|azureml._SubmittedRun#mnist-demo-on-AMLOneBox_1648709918_8ecbfd01.RunHistoryFacade.MetricsClient.PostMetricsBatchV2.0__log_batch_v2|DEBUG|Using basic handler - no exception handling
2022-03-31 07:02:56,913|azureml.BatchTaskQueueAdd_1_Batches|DEBUG|[Stop] - waiting default timeout
2022-03-31 07:02:56,914|azureml._SubmittedRun#mnist-demo-on-AMLOneBox_1648709918_8ecbfd01.RunHistoryFacade.MetricsClient._post_run_metrics_log_failed_validations-async:False|DEBUG|[START]
2022-03-31 07:02:56,914|azureml._SubmittedRun#mnist-demo-on-AMLOneBox_1648709918_8ecbfd01.RunHistoryFacade.MetricsClient.PostMetricsBatchV2|DEBUG|Adding task 0__log_batch_v2 to queue of approximate size: 0
2022-03-31 07:02:56,914|azureml.BatchTaskQueueAdd_1_Batches.WaitFlushSource:BatchTaskQueueAdd_1_Batches|DEBUG|[START]
2022-03-31 07:02:56,914|azureml._SubmittedRun#mnist-demo-on-AMLOneBox_1648709918_8ecbfd01.RunHistoryFacade.MetricsClient|DEBUG|ClientBase: Calling _post_run_metrics_log_failed_validations with url None
2022-03-31 07:02:56,914|azureml.BatchTaskQueueAdd_1_Batches.WaitFlushSource:BatchTaskQueueAdd_1_Batches|DEBUG|Overriding default flush timeout from None to 120
2022-03-31 07:02:56,919|azureml.BatchTaskQueueAdd_1_Batches.WaitFlushSource:BatchTaskQueueAdd_1_Batches|DEBUG|Waiting 120 seconds on tasks: [AsyncTask(0__handle_batch)].
2022-03-31 07:02:56,919|azureml.BatchTaskQueueAdd_1_Batches.0__handle_batch.WaitingTask|DEBUG|[START]
2022-03-31 07:02:56,919|azureml.BatchTaskQueueAdd_1_Batches.0__handle_batch.WaitingTask|DEBUG|Awaiter is BatchTaskQueueAdd_1_Batches
2022-03-31 07:02:56,919|azureml.BatchTaskQueueAdd_1_Batches.0__handle_batch.WaitingTask|DEBUG|[STOP]
2022-03-31 07:02:56,920|azureml.BatchTaskQueueAdd_1_Batches|DEBUG|
2022-03-31 07:02:56,920|azureml.BatchTaskQueueAdd_1_Batches.WaitFlushSource:BatchTaskQueueAdd_1_Batches|DEBUG|[STOP]
2022-03-31 07:02:56,921|azureml._SubmittedRun#mnist-demo-on-AMLOneBox_1648709918_8ecbfd01.RunHistoryFacade.MetricsClient.wait_on_ingest-async:False|DEBUG|[STOP]
2022-03-31 07:02:56,921|azureml._SubmittedRun#mnist-demo-on-AMLOneBox_1648709918_8ecbfd01.RunHistoryFacade.MetricsClient|DEBUG|[STOP]
2022-03-31 07:02:56,921|azureml.MetricsClient|DEBUG|[STOP]
2022-03-31 07:02:56,921|azureml._SubmittedRun#mnist-demo-on-AMLOneBox_1648709918_8ecbfd01.RunHistoryFacade.MetricsClient.FlushingMetricsClient|DEBUG|[START]
2022-03-31 07:02:56,921|azureml._SubmittedRun#mnist-demo-on-AMLOneBox_1648709918_8ecbfd01.RunHistoryFacade.MetricsClient.PostMetricsBatch.WaitFlushSource:MetricsClient|DEBUG|[START]
2022-03-31 07:02:56,921|azureml._SubmittedRun#mnist-demo-on-AMLOneBox_1648709918_8ecbfd01.RunHistoryFacade.MetricsClient.PostMetricsBatch.WaitFlushSource:MetricsClient|DEBUG|flush timeout 300 is different from task queue timeout 120, using flush timeout
2022-03-31 07:02:56,922|azureml._SubmittedRun#mnist-demo-on-AMLOneBox_1648709918_8ecbfd01.RunHistoryFacade.MetricsClient.PostMetricsBatch.WaitFlushSource:MetricsClient|DEBUG|Waiting 300 seconds on tasks: [].
2022-03-31 07:02:56,922|azureml._SubmittedRun#mnist-demo-on-AMLOneBox_1648709918_8ecbfd01.RunHistoryFacade.MetricsClient.PostMetricsBatch|DEBUG|
2022-03-31 07:02:56,922|azureml._SubmittedRun#mnist-demo-on-AMLOneBox_1648709918_8ecbfd01.RunHistoryFacade.MetricsClient.PostMetricsBatch.WaitFlushSource:MetricsClient|DEBUG|[STOP]
2022-03-31 07:02:56,922|azureml._SubmittedRun#mnist-demo-on-AMLOneBox_1648709918_8ecbfd01.RunHistoryFacade.MetricsClient.PostMetricsBatchV2.WaitFlushSource:MetricsClient|DEBUG|[START]
2022-03-31 07:02:56,922|azureml._SubmittedRun#mnist-demo-on-AMLOneBox_1648709918_8ecbfd01.RunHistoryFacade.MetricsClient.PostMetricsBatchV2.WaitFlushSource:MetricsClient|DEBUG|flush timeout 300 is different from task queue timeout 120, using flush timeout
2022-03-31 07:02:56,922|azureml._SubmittedRun#mnist-demo-on-AMLOneBox_1648709918_8ecbfd01.RunHistoryFacade.MetricsClient.PostMetricsBatchV2.WaitFlushSource:MetricsClient|DEBUG|Waiting 300 seconds on tasks: [].
2022-03-31 07:02:56,922|azureml._SubmittedRun#mnist-demo-on-AMLOneBox_1648709918_8ecbfd01.RunHistoryFacade.MetricsClient.PostMetricsBatchV2|DEBUG|
2022-03-31 07:02:56,922|azureml._SubmittedRun#mnist-demo-on-AMLOneBox_1648709918_8ecbfd01.RunHistoryFacade.MetricsClient.PostMetricsBatchV2.WaitFlushSource:MetricsClient|DEBUG|[STOP]
2022-03-31 07:02:56,922|azureml._SubmittedRun#mnist-demo-on-AMLOneBox_1648709918_8ecbfd01.RunHistoryFacade.MetricsClient.FlushingMetricsClient|DEBUG|[STOP]
2022-03-31 07:02:56,922|azureml._SubmittedRun#mnist-demo-on-AMLOneBox_1648709918_8ecbfd01.RunHistoryFacade.MetricsClient.wait_on_ingest-async:False|DEBUG|[START]
2022-03-31 07:02:56,922|azureml._SubmittedRun#mnist-demo-on-AMLOneBox_1648709918_8ecbfd01.RunHistoryFacade.MetricsClient|DEBUG|ClientBase: Calling wait_on_ingest with url /history/v1.0/subscriptions/{subscriptionId}/resourceGroups/{resourceGroupName}/providers/Microsoft.MachineLearningServices/workspaces/{workspaceName}/experiments/{experimentName}/runs/{runId}/metricsingest/wait
2022-03-31 07:02:56,930|azureml._SubmittedRun#mnist-demo-on-AMLOneBox_1648709918_8ecbfd01.RunHistoryFacade.MetricsClient._post_run_metrics_log_failed_validations-async:False|DEBUG|[STOP]
2022-03-31 07:02:57,891|azureml._SubmittedRun#mnist-demo-on-AMLOneBox_1648709918_8ecbfd01.RunHistoryFacade.MetricsClient.wait_on_ingest-async:False|DEBUG|[STOP]
2022-03-31 07:02:57,891|azureml.RunStatusContext|DEBUG|[STOP]
2022-03-31 07:02:57,891|azureml._SubmittedRun#mnist-demo-on-AMLOneBox_1648709918_8ecbfd01.RunHistoryFacade.MetricsClient.FlushingMetricsClient|DEBUG|[START]
2022-03-31 07:02:57,891|azureml._SubmittedRun#mnist-demo-on-AMLOneBox_1648709918_8ecbfd01.RunHistoryFacade.MetricsClient.PostMetricsBatch.WaitFlushSource:MetricsClient|DEBUG|[START]
2022-03-31 07:02:57,891|azureml._SubmittedRun#mnist-demo-on-AMLOneBox_1648709918_8ecbfd01.RunHistoryFacade.MetricsClient.PostMetricsBatch.WaitFlushSource:MetricsClient|DEBUG|flush timeout 300.0 is different from task queue timeout 120, using flush timeout
2022-03-31 07:02:57,891|azureml._SubmittedRun#mnist-demo-on-AMLOneBox_1648709918_8ecbfd01.RunHistoryFacade.MetricsClient.PostMetricsBatch.WaitFlushSource:MetricsClient|DEBUG|Waiting 300.0 seconds on tasks: [].
2022-03-31 07:02:57,891|azureml._SubmittedRun#mnist-demo-on-AMLOneBox_1648709918_8ecbfd01.RunHistoryFacade.MetricsClient.PostMetricsBatch|DEBUG|
2022-03-31 07:02:57,891|azureml._SubmittedRun#mnist-demo-on-AMLOneBox_1648709918_8ecbfd01.RunHistoryFacade.MetricsClient.PostMetricsBatch.WaitFlushSource:MetricsClient|DEBUG|[STOP]
2022-03-31 07:02:57,891|azureml._SubmittedRun#mnist-demo-on-AMLOneBox_1648709918_8ecbfd01.RunHistoryFacade.MetricsClient.PostMetricsBatchV2.WaitFlushSource:MetricsClient|DEBUG|[START]
2022-03-31 07:02:57,891|azureml._SubmittedRun#mnist-demo-on-AMLOneBox_1648709918_8ecbfd01.RunHistoryFacade.MetricsClient.PostMetricsBatchV2.WaitFlushSource:MetricsClient|DEBUG|flush timeout 300.0 is different from task queue timeout 120, using flush timeout
2022-03-31 07:02:57,891|azureml._SubmittedRun#mnist-demo-on-AMLOneBox_1648709918_8ecbfd01.RunHistoryFacade.MetricsClient.PostMetricsBatchV2.WaitFlushSource:MetricsClient|DEBUG|Waiting 300.0 seconds on tasks: [].
2022-03-31 07:02:57,891|azureml._SubmittedRun#mnist-demo-on-AMLOneBox_1648709918_8ecbfd01.RunHistoryFacade.MetricsClient.PostMetricsBatchV2|DEBUG|
2022-03-31 07:02:57,891|azureml._SubmittedRun#mnist-demo-on-AMLOneBox_1648709918_8ecbfd01.RunHistoryFacade.MetricsClient.PostMetricsBatchV2.WaitFlushSource:MetricsClient|DEBUG|[STOP]
2022-03-31 07:02:57,891|azureml._SubmittedRun#mnist-demo-on-AMLOneBox_1648709918_8ecbfd01.RunHistoryFacade.MetricsClient.FlushingMetricsClient|DEBUG|[STOP]
2022-03-31 07:02:57,892|azureml._SubmittedRun#mnist-demo-on-AMLOneBox_1648709918_8ecbfd01.RunHistoryFacade.MetricsClient.wait_on_ingest-async:False|DEBUG|[START]
2022-03-31 07:02:57,892|azureml._SubmittedRun#mnist-demo-on-AMLOneBox_1648709918_8ecbfd01.RunHistoryFacade.MetricsClient|DEBUG|ClientBase: Calling wait_on_ingest with url /history/v1.0/subscriptions/{subscriptionId}/resourceGroups/{resourceGroupName}/providers/Microsoft.MachineLearningServices/workspaces/{workspaceName}/experiments/{experimentName}/runs/{runId}/metricsingest/wait
2022-03-31 07:02:58,896|azureml._SubmittedRun#mnist-demo-on-AMLOneBox_1648709918_8ecbfd01.RunHistoryFacade.MetricsClient.wait_on_ingest-async:False|DEBUG|[STOP]
2022-03-31 07:02:58,897|azureml._SubmittedRun#mnist-demo-on-AMLOneBox_1648709918_8ecbfd01.RunHistoryFacade.MetricsClient.FlushingMetricsClient|DEBUG|[START]
2022-03-31 07:02:58,897|azureml._SubmittedRun#mnist-demo-on-AMLOneBox_1648709918_8ecbfd01.RunHistoryFacade.MetricsClient|DEBUG|Overrides: Max batch size: 50, batch cushion: 5, Interval: 1.
2022-03-31 07:02:58,897|azureml._SubmittedRun#mnist-demo-on-AMLOneBox_1648709918_8ecbfd01.RunHistoryFacade.MetricsClient.PostMetricsBatch.PostMetricsBatchDaemon|DEBUG|Starting daemon and triggering first instance
2022-03-31 07:02:58,897|azureml._SubmittedRun#mnist-demo-on-AMLOneBox_1648709918_8ecbfd01.RunHistoryFacade.MetricsClient|DEBUG|Used <class 'azureml._common.async_utils.batch_task_queue.BatchTaskQueue'> for use_batch=True.
2022-03-31 07:02:58,897|azureml._SubmittedRun#mnist-demo-on-AMLOneBox_1648709918_8ecbfd01.RunHistoryFacade.MetricsClient.PostMetricsBatch.WaitFlushSource:MetricsClient|DEBUG|[START]
2022-03-31 07:02:58,897|azureml._SubmittedRun#mnist-demo-on-AMLOneBox_1648709918_8ecbfd01.RunHistoryFacade.MetricsClient.PostMetricsBatch.WaitFlushSource:MetricsClient|DEBUG|flush timeout 300.0 is different from task queue timeout 120, using flush timeout
2022-03-31 07:02:58,897|azureml._SubmittedRun#mnist-demo-on-AMLOneBox_1648709918_8ecbfd01.RunHistoryFacade.MetricsClient.PostMetricsBatch.WaitFlushSource:MetricsClient|DEBUG|Waiting 300.0 seconds on tasks: [].
2022-03-31 07:02:58,897|azureml._SubmittedRun#mnist-demo-on-AMLOneBox_1648709918_8ecbfd01.RunHistoryFacade.MetricsClient.PostMetricsBatch|DEBUG|
2022-03-31 07:02:58,897|azureml._SubmittedRun#mnist-demo-on-AMLOneBox_1648709918_8ecbfd01.RunHistoryFacade.MetricsClient.PostMetricsBatch.WaitFlushSource:MetricsClient|DEBUG|[STOP]
2022-03-31 07:02:58,897|azureml._SubmittedRun#mnist-demo-on-AMLOneBox_1648709918_8ecbfd01.RunHistoryFacade.MetricsClient.PostMetricsBatchV2.WaitFlushSource:MetricsClient|DEBUG|[START]
2022-03-31 07:02:58,897|azureml._SubmittedRun#mnist-demo-on-AMLOneBox_1648709918_8ecbfd01.RunHistoryFacade.MetricsClient.PostMetricsBatchV2.WaitFlushSource:MetricsClient|DEBUG|flush timeout 300.0 is different from task queue timeout 120, using flush timeout
2022-03-31 07:02:58,898|azureml._SubmittedRun#mnist-demo-on-AMLOneBox_1648709918_8ecbfd01.RunHistoryFacade.MetricsClient.PostMetricsBatchV2.WaitFlushSource:MetricsClient|DEBUG|Waiting 300.0 seconds on tasks: [AsyncTask(0__log_batch_v2)].
2022-03-31 07:02:58,898|azureml._SubmittedRun#mnist-demo-on-AMLOneBox_1648709918_8ecbfd01.RunHistoryFacade.MetricsClient.PostMetricsBatchV2.0__log_batch_v2.WaitingTask|DEBUG|[START]
2022-03-31 07:02:58,898|azureml._SubmittedRun#mnist-demo-on-AMLOneBox_1648709918_8ecbfd01.RunHistoryFacade.MetricsClient.PostMetricsBatchV2.0__log_batch_v2.WaitingTask|DEBUG|Awaiter is PostMetricsBatchV2
2022-03-31 07:02:58,898|azureml._SubmittedRun#mnist-demo-on-AMLOneBox_1648709918_8ecbfd01.RunHistoryFacade.MetricsClient.PostMetricsBatchV2.0__log_batch_v2.WaitingTask|DEBUG|[STOP]
2022-03-31 07:02:58,898|azureml._SubmittedRun#mnist-demo-on-AMLOneBox_1648709918_8ecbfd01.RunHistoryFacade.MetricsClient.PostMetricsBatchV2|DEBUG|
2022-03-31 07:02:58,898|azureml._SubmittedRun#mnist-demo-on-AMLOneBox_1648709918_8ecbfd01.RunHistoryFacade.MetricsClient.PostMetricsBatchV2.WaitFlushSource:MetricsClient|DEBUG|[STOP]
2022-03-31 07:02:58,898|azureml._SubmittedRun#mnist-demo-on-AMLOneBox_1648709918_8ecbfd01.RunHistoryFacade.MetricsClient.FlushingMetricsClient|DEBUG|[STOP]
2022-03-31 07:02:58,898|azureml._SubmittedRun#mnist-demo-on-AMLOneBox_1648709918_8ecbfd01.RunHistoryFacade.MetricsClient.wait_on_ingest-async:False|DEBUG|[START]
2022-03-31 07:02:58,898|azureml._SubmittedRun#mnist-demo-on-AMLOneBox_1648709918_8ecbfd01.RunHistoryFacade.MetricsClient|DEBUG|ClientBase: Calling wait_on_ingest with url /history/v1.0/subscriptions/{subscriptionId}/resourceGroups/{resourceGroupName}/providers/Microsoft.MachineLearningServices/workspaces/{workspaceName}/experiments/{experimentName}/runs/{runId}/metricsingest/wait
2022-03-31 07:02:59,859|azureml._SubmittedRun#mnist-demo-on-AMLOneBox_1648709918_8ecbfd01.RunHistoryFacade.MetricsClient.wait_on_ingest-async:False|DEBUG|[STOP]
2022-03-31 07:02:59,860|azureml.SendRunKillSignal|DEBUG|[STOP]
2022-03-31 07:02:59,860|azureml.HistoryTrackingWorkerPool.WorkerPoolShutdown|DEBUG|[START]
2022-03-31 07:02:59,860|azureml.HistoryTrackingWorkerPool.WorkerPoolShutdown|DEBUG|[STOP]
2022-03-31 07:02:59,860|azureml.WorkerPool|DEBUG|[STOP]
