2022-03-31 12:48:34,100|azureml|DEBUG|Execute Job Release Inputs:: kwargs: {'disable_output_upload': True}, track_folders: None, deny_list: None, directories_to_watch: []
2022-03-31 12:48:34,102|azureml.history._tracking.PythonWorkingDirectory|DEBUG|Execution target type: batchai
2022-03-31 12:48:34,102|azureml.history._tracking.PythonWorkingDirectory|DEBUG|Failed to import pyspark with error: No module named 'pyspark'
2022-03-31 12:48:34,103|azureml.history._tracking.PythonWorkingDirectory.workingdir|DEBUG|Pinning working directory for filesystems: ['pyfs']
2022-03-31 12:48:34,103|azureml.core.run|DEBUG|Identity in use is not set. Falling back to using AMLToken
2022-03-31 12:48:34,103|azureml.core.run|DEBUG|Using AMLToken auth for remote run
2022-03-31 12:48:34,108|azureml.core.authentication.TokenRefresherDaemon|DEBUG|Starting daemon and triggering first instance
2022-03-31 12:48:34,116|azureml._restclient.clientbase|INFO|Created a worker pool for first use
2022-03-31 12:48:34,116|azureml.core.authentication|DEBUG|Time to expire 1814134.883898 seconds
2022-03-31 12:48:34,116|azureml._restclient.service_context|DEBUG|Created a static thread pool for ServiceContext class
2022-03-31 12:48:34,116|azureml._base_sdk_common.service_discovery|DEBUG|Found history service url in environment variable AZUREML_SERVICE_ENDPOINT, history service url: http://host.docker.internal:30000.
2022-03-31 12:48:34,116|azureml._base_sdk_common.service_discovery|DEBUG|Found history service url in environment variable AZUREML_SERVICE_ENDPOINT, history service url: http://host.docker.internal:30000.
2022-03-31 12:48:34,116|azureml._base_sdk_common.service_discovery|DEBUG|Found history service url in environment variable AZUREML_SERVICE_ENDPOINT, history service url: http://host.docker.internal:30000.
2022-03-31 12:48:34,117|azureml._base_sdk_common.service_discovery|DEBUG|Found history service url in environment variable AZUREML_SERVICE_ENDPOINT, history service url: http://host.docker.internal:30000.
2022-03-31 12:48:34,117|azureml._base_sdk_common.service_discovery|DEBUG|Found history service url in environment variable AZUREML_SERVICE_ENDPOINT, history service url: http://host.docker.internal:30000.
2022-03-31 12:48:34,117|azureml._base_sdk_common.service_discovery|DEBUG|Found history service url in environment variable AZUREML_SERVICE_ENDPOINT, history service url: http://host.docker.internal:30000.
2022-03-31 12:48:34,117|azureml._base_sdk_common.service_discovery|DEBUG|Found history service url in environment variable AZUREML_SERVICE_ENDPOINT, history service url: http://host.docker.internal:30000.
2022-03-31 12:48:34,237|azureml._SubmittedRun#mnist-demo-on-AMLOneBox_1648730634_fe678a0e.RunHistoryFacade.RunClient.get_by_exp_id-async:False|DEBUG|[START]
2022-03-31 12:48:34,237|azureml._SubmittedRun#mnist-demo-on-AMLOneBox_1648730634_fe678a0e.RunHistoryFacade.RunClient|DEBUG|ClientBase: Calling get_by_exp_id with url /history/v1.0/subscriptions/{subscriptionId}/resourceGroups/{resourceGroupName}/providers/Microsoft.MachineLearningServices/workspaces/{workspaceName}/experimentids/{experimentId}/runs/{runId}
2022-03-31 12:48:35,031|azureml._SubmittedRun#mnist-demo-on-AMLOneBox_1648730634_fe678a0e.RunHistoryFacade.RunClient.get_by_exp_id-async:False|DEBUG|[STOP]
2022-03-31 12:48:35,032|azureml._SubmittedRun#mnist-demo-on-AMLOneBox_1648730634_fe678a0e|DEBUG|Constructing run from dto. type: azureml.scriptrun, source: None, props: {'_azureml.ComputeTargetType': 'kubernetes', 'ContentSnapshotId': 'c908ddaf-2737-40d8-982b-bb64006b0205', 'azureml.git.repository_uri': 'https://github.com/msftcoderdjw/AML-Kubernetes.git', 'mlflow.source.git.repoURL': 'https://github.com/msftcoderdjw/AML-Kubernetes.git', 'azureml.git.branch': 'jiadu/onprem', 'mlflow.source.git.branch': 'jiadu/onprem', 'azureml.git.commit': '3075852834288cb487fe85f8d4821864034a05a2', 'mlflow.source.git.commit': '3075852834288cb487fe85f8d4821864034a05a2', 'azureml.git.dirty': 'False', 'ProcessInfoFile': 'azureml-logs/process_info.json', 'ProcessStatusFile': 'azureml-logs/process_status.json', 'JobType': 'RegularJob', 'GpuCount': '0', 'Cluster': 'jiadu-ashk8s'}
2022-03-31 12:48:35,033|azureml._SubmittedRun#mnist-demo-on-AMLOneBox_1648730634_fe678a0e.RunContextManager|DEBUG|Valid logs dir, setting up content loader
2022-03-31 12:48:35,033|azureml.WorkerPool|DEBUG|[START]
2022-03-31 12:48:35,033|azureml.TrackFolders|DEBUG|[START]
2022-03-31 12:48:35,033|azureml|DEBUG|Executing history release.
2022-03-31 12:48:35,033|azureml.history._tracking.PythonWorkingDirectory.workingdir|DEBUG|Uploading tracked directories: [], excluding ['azureml-logs/driver_log']
2022-03-31 12:48:35,033|azureml.history._tracking.PythonWorkingDirectory.workingdir|DEBUG|Calling track for pyfs
2022-03-31 12:48:35,033|azureml.TrackFolders|DEBUG|[STOP]
2022-03-31 12:48:35,033|azureml.HistoryTrackingWorkerPool.WorkerPoolShutdown|DEBUG|[START]
2022-03-31 12:48:35,033|azureml.HistoryTrackingWorkerPool.WorkerPoolShutdown|DEBUG|[STOP]
2022-03-31 12:48:35,033|azureml.WorkerPool|DEBUG|[STOP]
