2022-03-31 12:46:04,839|azureml|DEBUG|Inputs:: kwargs: {'OutputCollection': True, 'EnableMLflowTracking': True, 'snapshotProject': True, 'only_in_process_features': True, 'skip_track_logs_dir': True}, track_folders: None, deny_list: None, directories_to_watch: []
2022-03-31 12:46:04,839|azureml.history._tracking.PythonWorkingDirectory|DEBUG|Execution target type: batchai
2022-03-31 12:46:04,839|azureml.history._tracking.PythonWorkingDirectory|DEBUG|Failed to import pyspark with error: No module named 'pyspark'
2022-03-31 12:46:04,839|azureml.history._tracking.PythonWorkingDirectory.workingdir|DEBUG|Pinning working directory for filesystems: ['pyfs']
2022-03-31 12:46:05,341|azureml.core.run|DEBUG|Adding new factory <function ScriptRun._from_run_dto at 0x7f5014e4f158> for run source azureml.scriptrun
2022-03-31 12:46:05,342|azureml.core.run|DEBUG|Identity in use is not set. Falling back to using AMLToken
2022-03-31 12:46:05,342|azureml.core.run|DEBUG|Using AMLToken auth for remote run
2022-03-31 12:46:05,347|azureml.core.authentication.TokenRefresherDaemon|DEBUG|Starting daemon and triggering first instance
2022-03-31 12:46:05,355|azureml._restclient.clientbase|INFO|Created a worker pool for first use
2022-03-31 12:46:05,355|azureml.core.authentication|DEBUG|Time to expire 1814283.644636 seconds
2022-03-31 12:46:05,355|azureml._restclient.service_context|DEBUG|Created a static thread pool for ServiceContext class
2022-03-31 12:46:05,355|azureml._restclient.clientbase|DEBUG|ClientBase: Calling get with url None
2022-03-31 12:46:05,375|azureml._base_sdk_common.service_discovery|DEBUG|Found history service url in environment variable AZUREML_SERVICE_ENDPOINT, history service url: http://host.docker.internal:30000.
2022-03-31 12:46:05,375|azureml._base_sdk_common.service_discovery|DEBUG|Found history service url in environment variable AZUREML_SERVICE_ENDPOINT, history service url: http://host.docker.internal:30000.
2022-03-31 12:46:05,375|azureml._base_sdk_common.service_discovery|DEBUG|Found history service url in environment variable AZUREML_SERVICE_ENDPOINT, history service url: http://host.docker.internal:30000.
2022-03-31 12:46:05,375|azureml._base_sdk_common.service_discovery|DEBUG|Found history service url in environment variable AZUREML_SERVICE_ENDPOINT, history service url: http://host.docker.internal:30000.
2022-03-31 12:46:05,375|azureml._base_sdk_common.service_discovery|DEBUG|Found history service url in environment variable AZUREML_SERVICE_ENDPOINT, history service url: http://host.docker.internal:30000.
2022-03-31 12:46:05,375|azureml._base_sdk_common.service_discovery|DEBUG|Found history service url in environment variable AZUREML_SERVICE_ENDPOINT, history service url: http://host.docker.internal:30000.
2022-03-31 12:46:05,375|azureml._base_sdk_common.service_discovery|DEBUG|Found history service url in environment variable AZUREML_SERVICE_ENDPOINT, history service url: http://host.docker.internal:30000.
2022-03-31 12:46:05,495|azureml._SubmittedRun#mnist-demo-on-AMLOneBox_1648730634_fe678a0e.RunHistoryFacade.RunClient.get_by_exp_id-async:False|DEBUG|[START]
2022-03-31 12:46:05,495|azureml._SubmittedRun#mnist-demo-on-AMLOneBox_1648730634_fe678a0e.RunHistoryFacade.RunClient|DEBUG|ClientBase: Calling get_by_exp_id with url /history/v1.0/subscriptions/{subscriptionId}/resourceGroups/{resourceGroupName}/providers/Microsoft.MachineLearningServices/workspaces/{workspaceName}/experimentids/{experimentId}/runs/{runId}
2022-03-31 12:46:06,297|azureml._SubmittedRun#mnist-demo-on-AMLOneBox_1648730634_fe678a0e.RunHistoryFacade.RunClient.get_by_exp_id-async:False|DEBUG|[STOP]
2022-03-31 12:46:06,298|azureml._SubmittedRun#mnist-demo-on-AMLOneBox_1648730634_fe678a0e|DEBUG|Constructing run from dto. type: azureml.scriptrun, source: None, props: {'_azureml.ComputeTargetType': 'kubernetes', 'ContentSnapshotId': 'c908ddaf-2737-40d8-982b-bb64006b0205', 'azureml.git.repository_uri': 'https://github.com/msftcoderdjw/AML-Kubernetes.git', 'mlflow.source.git.repoURL': 'https://github.com/msftcoderdjw/AML-Kubernetes.git', 'azureml.git.branch': 'jiadu/onprem', 'mlflow.source.git.branch': 'jiadu/onprem', 'azureml.git.commit': '3075852834288cb487fe85f8d4821864034a05a2', 'mlflow.source.git.commit': '3075852834288cb487fe85f8d4821864034a05a2', 'azureml.git.dirty': 'False', 'ProcessInfoFile': 'azureml-logs/process_info.json', 'ProcessStatusFile': 'azureml-logs/process_status.json', 'JobType': 'RegularJob', 'GpuCount': '0', 'Cluster': 'jiadu-ashk8s'}
2022-03-31 12:46:06,298|azureml._SubmittedRun#mnist-demo-on-AMLOneBox_1648730634_fe678a0e.RunContextManager|DEBUG|Valid logs dir, setting up content loader
2022-03-31 12:46:06,299|azureml|WARNING|Could not import azureml.mlflow or azureml.contrib.mlflow mlflow APIs will not run against AzureML services.  Add azureml-mlflow as a conda dependency for the run if this behavior is desired
2022-03-31 12:46:06,299|azureml.WorkerPool|DEBUG|[START]
2022-03-31 12:46:06,299|azureml.SendRunKillSignal|DEBUG|[START]
2022-03-31 12:46:06,299|azureml.RunStatusContext|DEBUG|[START]
2022-03-31 12:46:06,299|azureml._SubmittedRun#mnist-demo-on-AMLOneBox_1648730634_fe678a0e.RunContextManager.RunStatusContext|DEBUG|[START]
2022-03-31 12:46:06,299|azureml.MetricsClient|DEBUG|[START]
2022-03-31 12:46:06,299|azureml._SubmittedRun#mnist-demo-on-AMLOneBox_1648730634_fe678a0e.RunHistoryFacade.MetricsClient|DEBUG|[START]
2022-03-31 12:46:06,299|azureml.WorkingDirectoryCM|DEBUG|[START]
2022-03-31 12:46:06,299|azureml.history._tracking.PythonWorkingDirectory.workingdir|DEBUG|[START]
2022-03-31 12:46:06,299|azureml.history._tracking.PythonWorkingDirectory|INFO|Current working dir: /workspaceblobstore/azureml/mnist-demo-on-AMLOneBox_1648730634_fe678a0e
2022-03-31 12:46:06,299|azureml.history._tracking.PythonWorkingDirectory.workingdir|DEBUG|Calling pyfs
2022-03-31 12:46:06,299|azureml.history._tracking.PythonWorkingDirectory.workingdir|DEBUG|Storing working dir for pyfs as /workspaceblobstore/azureml/mnist-demo-on-AMLOneBox_1648730634_fe678a0e
2022-03-31 12:46:07,155|azureml.core.run|DEBUG|Identity in use is not set. Falling back to using AMLToken
2022-03-31 12:46:07,155|azureml.core.run|DEBUG|Using AMLToken auth for remote run
2022-03-31 12:46:07,155|azureml._restclient.service_context|DEBUG|Access an existing static threadpool for ServiceContext class
2022-03-31 12:46:07,155|azureml._base_sdk_common.service_discovery|DEBUG|Found history service url in environment variable AZUREML_SERVICE_ENDPOINT, history service url: http://host.docker.internal:30000.
2022-03-31 12:46:07,156|azureml._base_sdk_common.service_discovery|DEBUG|Found history service url in environment variable AZUREML_SERVICE_ENDPOINT, history service url: http://host.docker.internal:30000.
2022-03-31 12:46:07,156|azureml._base_sdk_common.service_discovery|DEBUG|Found history service url in environment variable AZUREML_SERVICE_ENDPOINT, history service url: http://host.docker.internal:30000.
2022-03-31 12:46:07,156|azureml._base_sdk_common.service_discovery|DEBUG|Found history service url in environment variable AZUREML_SERVICE_ENDPOINT, history service url: http://host.docker.internal:30000.
2022-03-31 12:46:07,156|azureml._base_sdk_common.service_discovery|DEBUG|Found history service url in environment variable AZUREML_SERVICE_ENDPOINT, history service url: http://host.docker.internal:30000.
2022-03-31 12:46:07,156|azureml._base_sdk_common.service_discovery|DEBUG|Found history service url in environment variable AZUREML_SERVICE_ENDPOINT, history service url: http://host.docker.internal:30000.
2022-03-31 12:46:07,156|azureml._base_sdk_common.service_discovery|DEBUG|Found history service url in environment variable AZUREML_SERVICE_ENDPOINT, history service url: http://host.docker.internal:30000.
2022-03-31 12:46:07,184|azureml._SubmittedRun#mnist-demo-on-AMLOneBox_1648730634_fe678a0e.RunHistoryFacade.RunClient.get_by_exp_id-async:False|DEBUG|[START]
2022-03-31 12:46:07,184|azureml._SubmittedRun#mnist-demo-on-AMLOneBox_1648730634_fe678a0e.RunHistoryFacade.RunClient|DEBUG|ClientBase: Calling get_by_exp_id with url /history/v1.0/subscriptions/{subscriptionId}/resourceGroups/{resourceGroupName}/providers/Microsoft.MachineLearningServices/workspaces/{workspaceName}/experimentids/{experimentId}/runs/{runId}
2022-03-31 12:46:08,089|azureml._SubmittedRun#mnist-demo-on-AMLOneBox_1648730634_fe678a0e.RunHistoryFacade.RunClient.get_by_exp_id-async:False|DEBUG|[STOP]
2022-03-31 12:46:08,090|azureml._SubmittedRun#mnist-demo-on-AMLOneBox_1648730634_fe678a0e|DEBUG|Constructing run from dto. type: azureml.scriptrun, source: None, props: {'_azureml.ComputeTargetType': 'kubernetes', 'ContentSnapshotId': 'c908ddaf-2737-40d8-982b-bb64006b0205', 'azureml.git.repository_uri': 'https://github.com/msftcoderdjw/AML-Kubernetes.git', 'mlflow.source.git.repoURL': 'https://github.com/msftcoderdjw/AML-Kubernetes.git', 'azureml.git.branch': 'jiadu/onprem', 'mlflow.source.git.branch': 'jiadu/onprem', 'azureml.git.commit': '3075852834288cb487fe85f8d4821864034a05a2', 'mlflow.source.git.commit': '3075852834288cb487fe85f8d4821864034a05a2', 'azureml.git.dirty': 'False', 'ProcessInfoFile': 'azureml-logs/process_info.json', 'ProcessStatusFile': 'azureml-logs/process_status.json', 'JobType': 'RegularJob', 'GpuCount': '0', 'Cluster': 'jiadu-ashk8s'}
2022-03-31 12:46:08,090|azureml._SubmittedRun#mnist-demo-on-AMLOneBox_1648730634_fe678a0e.RunContextManager|DEBUG|Valid logs dir, setting up content loader
2022-03-31 12:46:35,349|azureml.core.authentication|DEBUG|Time to expire 1814253.651048 seconds
2022-03-31 12:47:05,349|azureml.core.authentication|DEBUG|Time to expire 1814223.650749 seconds
2022-03-31 12:47:35,349|azureml.core.authentication|DEBUG|Time to expire 1814193.650437 seconds
2022-03-31 12:48:05,349|azureml.core.authentication|DEBUG|Time to expire 1814163.650102 seconds
2022-03-31 12:48:28,717|azureml._SubmittedRun#mnist-demo-on-AMLOneBox_1648730634_fe678a0e.RunHistoryFacade.MetricsClient|DEBUG|Overrides: Max batch size: 50, batch cushion: 5, Interval: 1.
2022-03-31 12:48:28,717|azureml._SubmittedRun#mnist-demo-on-AMLOneBox_1648730634_fe678a0e.RunHistoryFacade.MetricsClient.PostMetricsBatchV2.PostMetricsBatchV2Daemon|DEBUG|Starting daemon and triggering first instance
2022-03-31 12:48:28,718|azureml._SubmittedRun#mnist-demo-on-AMLOneBox_1648730634_fe678a0e.RunHistoryFacade.MetricsClient|DEBUG|Used <class 'azureml._common.async_utils.batch_task_queue.BatchTaskQueue'> for use_batch=True.
2022-03-31 12:48:28,723|azureml.history._tracking.PythonWorkingDirectory.workingdir|DEBUG|Calling pyfs
2022-03-31 12:48:28,723|azureml.history._tracking.PythonWorkingDirectory|INFO|Current working dir: /workspaceblobstore/azureml/mnist-demo-on-AMLOneBox_1648730634_fe678a0e
2022-03-31 12:48:28,723|azureml.history._tracking.PythonWorkingDirectory.workingdir|DEBUG|Reverting working dir from /workspaceblobstore/azureml/mnist-demo-on-AMLOneBox_1648730634_fe678a0e to /workspaceblobstore/azureml/mnist-demo-on-AMLOneBox_1648730634_fe678a0e
2022-03-31 12:48:28,723|azureml.history._tracking.PythonWorkingDirectory|INFO|Working dir is already updated /workspaceblobstore/azureml/mnist-demo-on-AMLOneBox_1648730634_fe678a0e
2022-03-31 12:48:28,723|azureml.history._tracking.PythonWorkingDirectory.workingdir|DEBUG|[STOP]
2022-03-31 12:48:28,723|azureml.WorkingDirectoryCM|DEBUG|[STOP]
2022-03-31 12:48:28,723|azureml._SubmittedRun#mnist-demo-on-AMLOneBox_1648730634_fe678a0e.RunHistoryFacade.MetricsClient.FlushingMetricsClient|DEBUG|[START]
2022-03-31 12:48:28,723|azureml._SubmittedRun#mnist-demo-on-AMLOneBox_1648730634_fe678a0e.RunHistoryFacade.MetricsClient|DEBUG|Overrides: Max batch size: 50, batch cushion: 5, Interval: 1.
2022-03-31 12:48:28,724|azureml._SubmittedRun#mnist-demo-on-AMLOneBox_1648730634_fe678a0e.RunHistoryFacade.MetricsClient.PostMetricsBatch.PostMetricsBatchDaemon|DEBUG|Starting daemon and triggering first instance
2022-03-31 12:48:28,724|azureml._SubmittedRun#mnist-demo-on-AMLOneBox_1648730634_fe678a0e.RunHistoryFacade.MetricsClient|DEBUG|Used <class 'azureml._common.async_utils.batch_task_queue.BatchTaskQueue'> for use_batch=True.
2022-03-31 12:48:28,724|azureml._SubmittedRun#mnist-demo-on-AMLOneBox_1648730634_fe678a0e.RunHistoryFacade.MetricsClient.PostMetricsBatch.WaitFlushSource:MetricsClient|DEBUG|[START]
2022-03-31 12:48:28,724|azureml._SubmittedRun#mnist-demo-on-AMLOneBox_1648730634_fe678a0e.RunHistoryFacade.MetricsClient.PostMetricsBatch.WaitFlushSource:MetricsClient|DEBUG|flush timeout 120 is different from task queue timeout 120, using flush timeout
2022-03-31 12:48:28,724|azureml._SubmittedRun#mnist-demo-on-AMLOneBox_1648730634_fe678a0e.RunHistoryFacade.MetricsClient.PostMetricsBatch.WaitFlushSource:MetricsClient|DEBUG|Waiting 120 seconds on tasks: [].
2022-03-31 12:48:28,724|azureml._SubmittedRun#mnist-demo-on-AMLOneBox_1648730634_fe678a0e.RunHistoryFacade.MetricsClient.PostMetricsBatch|DEBUG|
2022-03-31 12:48:28,724|azureml._SubmittedRun#mnist-demo-on-AMLOneBox_1648730634_fe678a0e.RunHistoryFacade.MetricsClient.PostMetricsBatch.WaitFlushSource:MetricsClient|DEBUG|[STOP]
2022-03-31 12:48:28,724|azureml._SubmittedRun#mnist-demo-on-AMLOneBox_1648730634_fe678a0e.RunHistoryFacade.MetricsClient|DEBUG|Overrides: Max batch size: 50, batch cushion: 5, Interval: 1.
2022-03-31 12:48:28,725|azureml._SubmittedRun#mnist-demo-on-AMLOneBox_1648730634_fe678a0e.RunHistoryFacade.MetricsClient.PostMetricsBatchV2.PostMetricsBatchV2Daemon|DEBUG|Starting daemon and triggering first instance
2022-03-31 12:48:28,725|azureml._SubmittedRun#mnist-demo-on-AMLOneBox_1648730634_fe678a0e.RunHistoryFacade.MetricsClient|DEBUG|Used <class 'azureml._common.async_utils.batch_task_queue.BatchTaskQueue'> for use_batch=True.
2022-03-31 12:48:28,725|azureml._SubmittedRun#mnist-demo-on-AMLOneBox_1648730634_fe678a0e.RunHistoryFacade.MetricsClient.PostMetricsBatchV2.WaitFlushSource:MetricsClient|DEBUG|[START]
2022-03-31 12:48:28,725|azureml._SubmittedRun#mnist-demo-on-AMLOneBox_1648730634_fe678a0e.RunHistoryFacade.MetricsClient.PostMetricsBatchV2.WaitFlushSource:MetricsClient|DEBUG|flush timeout 120 is different from task queue timeout 120, using flush timeout
2022-03-31 12:48:28,725|azureml._SubmittedRun#mnist-demo-on-AMLOneBox_1648730634_fe678a0e.RunHistoryFacade.MetricsClient.PostMetricsBatchV2.WaitFlushSource:MetricsClient|DEBUG|Waiting 120 seconds on tasks: [].
2022-03-31 12:48:28,725|azureml._SubmittedRun#mnist-demo-on-AMLOneBox_1648730634_fe678a0e.RunHistoryFacade.MetricsClient.PostMetricsBatchV2|DEBUG|
2022-03-31 12:48:28,725|azureml._SubmittedRun#mnist-demo-on-AMLOneBox_1648730634_fe678a0e.RunHistoryFacade.MetricsClient.PostMetricsBatchV2.WaitFlushSource:MetricsClient|DEBUG|[STOP]
2022-03-31 12:48:28,725|azureml._SubmittedRun#mnist-demo-on-AMLOneBox_1648730634_fe678a0e.RunHistoryFacade.MetricsClient.FlushingMetricsClient|DEBUG|[STOP]
2022-03-31 12:48:28,725|azureml._SubmittedRun#mnist-demo-on-AMLOneBox_1648730634_fe678a0e.RunHistoryFacade.MetricsClient.wait_on_ingest-async:False|DEBUG|[START]
2022-03-31 12:48:28,725|azureml._SubmittedRun#mnist-demo-on-AMLOneBox_1648730634_fe678a0e.RunHistoryFacade.MetricsClient|DEBUG|ClientBase: Calling wait_on_ingest with url /history/v1.0/subscriptions/{subscriptionId}/resourceGroups/{resourceGroupName}/providers/Microsoft.MachineLearningServices/workspaces/{workspaceName}/experiments/{experimentName}/runs/{runId}/metricsingest/wait
2022-03-31 12:48:29,719|azureml.BatchTaskQueueAdd_1_Batches|DEBUG|[Start]
2022-03-31 12:48:29,719|azureml.BatchTaskQueueAdd_1_Batches.WorkerPool|DEBUG|submitting future: _handle_batch
2022-03-31 12:48:29,719|azureml._SubmittedRun#mnist-demo-on-AMLOneBox_1648730634_fe678a0e.RunHistoryFacade.MetricsClient.PostMetricsBatchV2|DEBUG|Batch size 2.
2022-03-31 12:48:29,719|azureml.BatchTaskQueueAdd_1_Batches.0__handle_batch|DEBUG|Using basic handler - no exception handling
2022-03-31 12:48:29,719|azureml._restclient.service_context.WorkerPool|DEBUG|submitting future: _log_batch_v2
2022-03-31 12:48:29,720|azureml.BatchTaskQueueAdd_1_Batches|DEBUG|Adding task 0__handle_batch to queue of approximate size: 0
2022-03-31 12:48:29,720|azureml._SubmittedRun#mnist-demo-on-AMLOneBox_1648730634_fe678a0e.RunHistoryFacade.MetricsClient|DEBUG|Metrics Client: _log_batch_v2 is calling post_run_metrics posting 2 values.
2022-03-31 12:48:29,720|azureml.BatchTaskQueueAdd_1_Batches|DEBUG|[Stop] - waiting default timeout
2022-03-31 12:48:29,720|azureml._SubmittedRun#mnist-demo-on-AMLOneBox_1648730634_fe678a0e.RunHistoryFacade.MetricsClient.PostMetricsBatchV2.0__log_batch_v2|DEBUG|Using basic handler - no exception handling
2022-03-31 12:48:29,720|azureml._SubmittedRun#mnist-demo-on-AMLOneBox_1648730634_fe678a0e.RunHistoryFacade.MetricsClient._post_run_metrics_log_failed_validations-async:False|DEBUG|[START]
2022-03-31 12:48:29,721|azureml.BatchTaskQueueAdd_1_Batches.WaitFlushSource:BatchTaskQueueAdd_1_Batches|DEBUG|[START]
2022-03-31 12:48:29,721|azureml._SubmittedRun#mnist-demo-on-AMLOneBox_1648730634_fe678a0e.RunHistoryFacade.MetricsClient.PostMetricsBatchV2|DEBUG|Adding task 0__log_batch_v2 to queue of approximate size: 0
2022-03-31 12:48:29,721|azureml._SubmittedRun#mnist-demo-on-AMLOneBox_1648730634_fe678a0e.RunHistoryFacade.MetricsClient|DEBUG|ClientBase: Calling _post_run_metrics_log_failed_validations with url None
2022-03-31 12:48:29,721|azureml.BatchTaskQueueAdd_1_Batches.WaitFlushSource:BatchTaskQueueAdd_1_Batches|DEBUG|Overriding default flush timeout from None to 120
2022-03-31 12:48:29,726|azureml.BatchTaskQueueAdd_1_Batches.WaitFlushSource:BatchTaskQueueAdd_1_Batches|DEBUG|Waiting 120 seconds on tasks: [AsyncTask(0__handle_batch)].
2022-03-31 12:48:29,726|azureml.BatchTaskQueueAdd_1_Batches.0__handle_batch.WaitingTask|DEBUG|[START]
2022-03-31 12:48:29,727|azureml.BatchTaskQueueAdd_1_Batches.0__handle_batch.WaitingTask|DEBUG|Awaiter is BatchTaskQueueAdd_1_Batches
2022-03-31 12:48:29,727|azureml.BatchTaskQueueAdd_1_Batches.0__handle_batch.WaitingTask|DEBUG|[STOP]
2022-03-31 12:48:29,727|azureml.BatchTaskQueueAdd_1_Batches|DEBUG|
2022-03-31 12:48:29,727|azureml.BatchTaskQueueAdd_1_Batches.WaitFlushSource:BatchTaskQueueAdd_1_Batches|DEBUG|[STOP]
2022-03-31 12:48:29,742|azureml._SubmittedRun#mnist-demo-on-AMLOneBox_1648730634_fe678a0e.RunHistoryFacade.MetricsClient._post_run_metrics_log_failed_validations-async:False|DEBUG|[STOP]
2022-03-31 12:48:29,810|azureml._SubmittedRun#mnist-demo-on-AMLOneBox_1648730634_fe678a0e.RunHistoryFacade.MetricsClient.wait_on_ingest-async:False|DEBUG|[STOP]
2022-03-31 12:48:29,811|azureml._SubmittedRun#mnist-demo-on-AMLOneBox_1648730634_fe678a0e.RunHistoryFacade.MetricsClient|DEBUG|[STOP]
2022-03-31 12:48:29,811|azureml.MetricsClient|DEBUG|[STOP]
2022-03-31 12:48:29,811|azureml._SubmittedRun#mnist-demo-on-AMLOneBox_1648730634_fe678a0e.RunHistoryFacade.MetricsClient.FlushingMetricsClient|DEBUG|[START]
2022-03-31 12:48:29,811|azureml._SubmittedRun#mnist-demo-on-AMLOneBox_1648730634_fe678a0e.RunHistoryFacade.MetricsClient.PostMetricsBatch.WaitFlushSource:MetricsClient|DEBUG|[START]
2022-03-31 12:48:29,811|azureml._SubmittedRun#mnist-demo-on-AMLOneBox_1648730634_fe678a0e.RunHistoryFacade.MetricsClient.PostMetricsBatch.WaitFlushSource:MetricsClient|DEBUG|flush timeout 300 is different from task queue timeout 120, using flush timeout
2022-03-31 12:48:29,811|azureml._SubmittedRun#mnist-demo-on-AMLOneBox_1648730634_fe678a0e.RunHistoryFacade.MetricsClient.PostMetricsBatch.WaitFlushSource:MetricsClient|DEBUG|Waiting 300 seconds on tasks: [].
2022-03-31 12:48:29,811|azureml._SubmittedRun#mnist-demo-on-AMLOneBox_1648730634_fe678a0e.RunHistoryFacade.MetricsClient.PostMetricsBatch|DEBUG|
2022-03-31 12:48:29,811|azureml._SubmittedRun#mnist-demo-on-AMLOneBox_1648730634_fe678a0e.RunHistoryFacade.MetricsClient.PostMetricsBatch.WaitFlushSource:MetricsClient|DEBUG|[STOP]
2022-03-31 12:48:29,811|azureml._SubmittedRun#mnist-demo-on-AMLOneBox_1648730634_fe678a0e.RunHistoryFacade.MetricsClient.PostMetricsBatchV2.WaitFlushSource:MetricsClient|DEBUG|[START]
2022-03-31 12:48:29,811|azureml._SubmittedRun#mnist-demo-on-AMLOneBox_1648730634_fe678a0e.RunHistoryFacade.MetricsClient.PostMetricsBatchV2.WaitFlushSource:MetricsClient|DEBUG|flush timeout 300 is different from task queue timeout 120, using flush timeout
2022-03-31 12:48:29,811|azureml._SubmittedRun#mnist-demo-on-AMLOneBox_1648730634_fe678a0e.RunHistoryFacade.MetricsClient.PostMetricsBatchV2.WaitFlushSource:MetricsClient|DEBUG|Waiting 300 seconds on tasks: [].
2022-03-31 12:48:29,811|azureml._SubmittedRun#mnist-demo-on-AMLOneBox_1648730634_fe678a0e.RunHistoryFacade.MetricsClient.PostMetricsBatchV2|DEBUG|
2022-03-31 12:48:29,811|azureml._SubmittedRun#mnist-demo-on-AMLOneBox_1648730634_fe678a0e.RunHistoryFacade.MetricsClient.PostMetricsBatchV2.WaitFlushSource:MetricsClient|DEBUG|[STOP]
2022-03-31 12:48:29,811|azureml._SubmittedRun#mnist-demo-on-AMLOneBox_1648730634_fe678a0e.RunHistoryFacade.MetricsClient.FlushingMetricsClient|DEBUG|[STOP]
2022-03-31 12:48:29,812|azureml._SubmittedRun#mnist-demo-on-AMLOneBox_1648730634_fe678a0e.RunHistoryFacade.MetricsClient.wait_on_ingest-async:False|DEBUG|[START]
2022-03-31 12:48:29,812|azureml._SubmittedRun#mnist-demo-on-AMLOneBox_1648730634_fe678a0e.RunHistoryFacade.MetricsClient|DEBUG|ClientBase: Calling wait_on_ingest with url /history/v1.0/subscriptions/{subscriptionId}/resourceGroups/{resourceGroupName}/providers/Microsoft.MachineLearningServices/workspaces/{workspaceName}/experiments/{experimentName}/runs/{runId}/metricsingest/wait
2022-03-31 12:48:30,847|azureml._SubmittedRun#mnist-demo-on-AMLOneBox_1648730634_fe678a0e.RunHistoryFacade.MetricsClient.wait_on_ingest-async:False|DEBUG|[STOP]
2022-03-31 12:48:30,847|azureml.RunStatusContext|DEBUG|[STOP]
2022-03-31 12:48:30,847|azureml._SubmittedRun#mnist-demo-on-AMLOneBox_1648730634_fe678a0e.RunHistoryFacade.MetricsClient.FlushingMetricsClient|DEBUG|[START]
2022-03-31 12:48:30,847|azureml._SubmittedRun#mnist-demo-on-AMLOneBox_1648730634_fe678a0e.RunHistoryFacade.MetricsClient.PostMetricsBatch.WaitFlushSource:MetricsClient|DEBUG|[START]
2022-03-31 12:48:30,847|azureml._SubmittedRun#mnist-demo-on-AMLOneBox_1648730634_fe678a0e.RunHistoryFacade.MetricsClient.PostMetricsBatch.WaitFlushSource:MetricsClient|DEBUG|flush timeout 300.0 is different from task queue timeout 120, using flush timeout
2022-03-31 12:48:30,847|azureml._SubmittedRun#mnist-demo-on-AMLOneBox_1648730634_fe678a0e.RunHistoryFacade.MetricsClient.PostMetricsBatch.WaitFlushSource:MetricsClient|DEBUG|Waiting 300.0 seconds on tasks: [].
2022-03-31 12:48:30,847|azureml._SubmittedRun#mnist-demo-on-AMLOneBox_1648730634_fe678a0e.RunHistoryFacade.MetricsClient.PostMetricsBatch|DEBUG|
2022-03-31 12:48:30,847|azureml._SubmittedRun#mnist-demo-on-AMLOneBox_1648730634_fe678a0e.RunHistoryFacade.MetricsClient.PostMetricsBatch.WaitFlushSource:MetricsClient|DEBUG|[STOP]
2022-03-31 12:48:30,848|azureml._SubmittedRun#mnist-demo-on-AMLOneBox_1648730634_fe678a0e.RunHistoryFacade.MetricsClient.PostMetricsBatchV2.WaitFlushSource:MetricsClient|DEBUG|[START]
2022-03-31 12:48:30,848|azureml._SubmittedRun#mnist-demo-on-AMLOneBox_1648730634_fe678a0e.RunHistoryFacade.MetricsClient.PostMetricsBatchV2.WaitFlushSource:MetricsClient|DEBUG|flush timeout 300.0 is different from task queue timeout 120, using flush timeout
2022-03-31 12:48:30,848|azureml._SubmittedRun#mnist-demo-on-AMLOneBox_1648730634_fe678a0e.RunHistoryFacade.MetricsClient.PostMetricsBatchV2.WaitFlushSource:MetricsClient|DEBUG|Waiting 300.0 seconds on tasks: [].
2022-03-31 12:48:30,848|azureml._SubmittedRun#mnist-demo-on-AMLOneBox_1648730634_fe678a0e.RunHistoryFacade.MetricsClient.PostMetricsBatchV2|DEBUG|
2022-03-31 12:48:30,848|azureml._SubmittedRun#mnist-demo-on-AMLOneBox_1648730634_fe678a0e.RunHistoryFacade.MetricsClient.PostMetricsBatchV2.WaitFlushSource:MetricsClient|DEBUG|[STOP]
2022-03-31 12:48:30,848|azureml._SubmittedRun#mnist-demo-on-AMLOneBox_1648730634_fe678a0e.RunHistoryFacade.MetricsClient.FlushingMetricsClient|DEBUG|[STOP]
2022-03-31 12:48:30,848|azureml._SubmittedRun#mnist-demo-on-AMLOneBox_1648730634_fe678a0e.RunHistoryFacade.MetricsClient.wait_on_ingest-async:False|DEBUG|[START]
2022-03-31 12:48:30,848|azureml._SubmittedRun#mnist-demo-on-AMLOneBox_1648730634_fe678a0e.RunHistoryFacade.MetricsClient|DEBUG|ClientBase: Calling wait_on_ingest with url /history/v1.0/subscriptions/{subscriptionId}/resourceGroups/{resourceGroupName}/providers/Microsoft.MachineLearningServices/workspaces/{workspaceName}/experiments/{experimentName}/runs/{runId}/metricsingest/wait
2022-03-31 12:48:31,908|azureml._SubmittedRun#mnist-demo-on-AMLOneBox_1648730634_fe678a0e.RunHistoryFacade.MetricsClient.wait_on_ingest-async:False|DEBUG|[STOP]
2022-03-31 12:48:31,908|azureml._SubmittedRun#mnist-demo-on-AMLOneBox_1648730634_fe678a0e.RunHistoryFacade.MetricsClient.FlushingMetricsClient|DEBUG|[START]
2022-03-31 12:48:31,908|azureml._SubmittedRun#mnist-demo-on-AMLOneBox_1648730634_fe678a0e.RunHistoryFacade.MetricsClient|DEBUG|Overrides: Max batch size: 50, batch cushion: 5, Interval: 1.
2022-03-31 12:48:31,909|azureml._SubmittedRun#mnist-demo-on-AMLOneBox_1648730634_fe678a0e.RunHistoryFacade.MetricsClient.PostMetricsBatch.PostMetricsBatchDaemon|DEBUG|Starting daemon and triggering first instance
2022-03-31 12:48:31,909|azureml._SubmittedRun#mnist-demo-on-AMLOneBox_1648730634_fe678a0e.RunHistoryFacade.MetricsClient|DEBUG|Used <class 'azureml._common.async_utils.batch_task_queue.BatchTaskQueue'> for use_batch=True.
2022-03-31 12:48:31,909|azureml._SubmittedRun#mnist-demo-on-AMLOneBox_1648730634_fe678a0e.RunHistoryFacade.MetricsClient.PostMetricsBatch.WaitFlushSource:MetricsClient|DEBUG|[START]
2022-03-31 12:48:31,909|azureml._SubmittedRun#mnist-demo-on-AMLOneBox_1648730634_fe678a0e.RunHistoryFacade.MetricsClient.PostMetricsBatch.WaitFlushSource:MetricsClient|DEBUG|flush timeout 300.0 is different from task queue timeout 120, using flush timeout
2022-03-31 12:48:31,909|azureml._SubmittedRun#mnist-demo-on-AMLOneBox_1648730634_fe678a0e.RunHistoryFacade.MetricsClient.PostMetricsBatch.WaitFlushSource:MetricsClient|DEBUG|Waiting 300.0 seconds on tasks: [].
2022-03-31 12:48:31,909|azureml._SubmittedRun#mnist-demo-on-AMLOneBox_1648730634_fe678a0e.RunHistoryFacade.MetricsClient.PostMetricsBatch|DEBUG|
2022-03-31 12:48:31,909|azureml._SubmittedRun#mnist-demo-on-AMLOneBox_1648730634_fe678a0e.RunHistoryFacade.MetricsClient.PostMetricsBatch.WaitFlushSource:MetricsClient|DEBUG|[STOP]
2022-03-31 12:48:31,909|azureml._SubmittedRun#mnist-demo-on-AMLOneBox_1648730634_fe678a0e.RunHistoryFacade.MetricsClient.PostMetricsBatchV2.WaitFlushSource:MetricsClient|DEBUG|[START]
2022-03-31 12:48:31,909|azureml._SubmittedRun#mnist-demo-on-AMLOneBox_1648730634_fe678a0e.RunHistoryFacade.MetricsClient.PostMetricsBatchV2.WaitFlushSource:MetricsClient|DEBUG|flush timeout 300.0 is different from task queue timeout 120, using flush timeout
2022-03-31 12:48:31,909|azureml._SubmittedRun#mnist-demo-on-AMLOneBox_1648730634_fe678a0e.RunHistoryFacade.MetricsClient.PostMetricsBatchV2.WaitFlushSource:MetricsClient|DEBUG|Waiting 300.0 seconds on tasks: [AsyncTask(0__log_batch_v2)].
2022-03-31 12:48:31,909|azureml._SubmittedRun#mnist-demo-on-AMLOneBox_1648730634_fe678a0e.RunHistoryFacade.MetricsClient.PostMetricsBatchV2.0__log_batch_v2.WaitingTask|DEBUG|[START]
2022-03-31 12:48:31,909|azureml._SubmittedRun#mnist-demo-on-AMLOneBox_1648730634_fe678a0e.RunHistoryFacade.MetricsClient.PostMetricsBatchV2.0__log_batch_v2.WaitingTask|DEBUG|Awaiter is PostMetricsBatchV2
2022-03-31 12:48:31,909|azureml._SubmittedRun#mnist-demo-on-AMLOneBox_1648730634_fe678a0e.RunHistoryFacade.MetricsClient.PostMetricsBatchV2.0__log_batch_v2.WaitingTask|DEBUG|[STOP]
2022-03-31 12:48:31,909|azureml._SubmittedRun#mnist-demo-on-AMLOneBox_1648730634_fe678a0e.RunHistoryFacade.MetricsClient.PostMetricsBatchV2|DEBUG|
2022-03-31 12:48:31,909|azureml._SubmittedRun#mnist-demo-on-AMLOneBox_1648730634_fe678a0e.RunHistoryFacade.MetricsClient.PostMetricsBatchV2.WaitFlushSource:MetricsClient|DEBUG|[STOP]
2022-03-31 12:48:31,909|azureml._SubmittedRun#mnist-demo-on-AMLOneBox_1648730634_fe678a0e.RunHistoryFacade.MetricsClient.FlushingMetricsClient|DEBUG|[STOP]
2022-03-31 12:48:31,910|azureml._SubmittedRun#mnist-demo-on-AMLOneBox_1648730634_fe678a0e.RunHistoryFacade.MetricsClient.wait_on_ingest-async:False|DEBUG|[START]
2022-03-31 12:48:31,910|azureml._SubmittedRun#mnist-demo-on-AMLOneBox_1648730634_fe678a0e.RunHistoryFacade.MetricsClient|DEBUG|ClientBase: Calling wait_on_ingest with url /history/v1.0/subscriptions/{subscriptionId}/resourceGroups/{resourceGroupName}/providers/Microsoft.MachineLearningServices/workspaces/{workspaceName}/experiments/{experimentName}/runs/{runId}/metricsingest/wait
2022-03-31 12:48:32,921|azureml._SubmittedRun#mnist-demo-on-AMLOneBox_1648730634_fe678a0e.RunHistoryFacade.MetricsClient.wait_on_ingest-async:False|DEBUG|[STOP]
2022-03-31 12:48:32,921|azureml.SendRunKillSignal|DEBUG|[STOP]
2022-03-31 12:48:32,921|azureml.HistoryTrackingWorkerPool.WorkerPoolShutdown|DEBUG|[START]
2022-03-31 12:48:32,921|azureml.HistoryTrackingWorkerPool.WorkerPoolShutdown|DEBUG|[STOP]
2022-03-31 12:48:32,921|azureml.WorkerPool|DEBUG|[STOP]
